#
# There is insufficient memory for the Java Runtime Environment to continue.
# Native memory allocation (mmap) failed to map 67108864 bytes for G1 virtual space
# Possible reasons:
#   The system is out of physical RAM or swap space
#   The process is running with CompressedOops enabled, and the Java Heap may be blocking the growth of the native heap
# Possible solutions:
#   Reduce memory load on the system
#   Increase physical memory or swap space
#   Check if swap backing store is full
#   Decrease Java heap size (-Xmx/-Xms)
#   Decrease number of Java threads
#   Decrease Java thread stack sizes (-Xss)
#   Set larger code cache with -XX:ReservedCodeCacheSize=
#   JVM is running with Unscaled Compressed Oops mode in which the Java heap is
#     placed in the first 4GB address space. The Java Heap base address is the
#     maximum limit for the native heap growth. Please use -XX:HeapBaseMinAddress
#     to set the Java Heap base and to place the Java Heap above 4GB virtual address.
# This output file may be truncated or incomplete.
#
#  Out of Memory Error (os_windows.cpp:3469), pid=12888, tid=18216
#
# JRE version:  (17.0.1+12) (build )
# Java VM: Java HotSpot(TM) 64-Bit Server VM (17.0.1+12-LTS-39, mixed mode, sharing, tiered, compressed oops, compressed class ptrs, g1 gc, windows-amd64)
# No core dump will be written. Minidumps are not enabled by default on client versions of Windows
#

---------------  S U M M A R Y ------------

Command Line: -Dfile.encoding=Cp1252 -XX:+ShowCodeDetailsInExceptionMessages Login

Host: Intel(R) Core(TM) i5-2520M CPU @ 2.50GHz, 4 cores, 3G,  Windows 10 , 64 bit Build 19041 (10.0.19041.1348)
Time: Mon Dec 27 20:37:00 2021 Pakistan Standard Time elapsed time: 0.020882 seconds (0d 0h 0m 0s)

---------------  T H R E A D  ---------------

Current thread (0x00000155a04ddc90):  JavaThread "Unknown thread" [_thread_in_vm, id=18216, stack(0x00000053ae300000,0x00000053ae400000)]

Stack: [0x00000053ae300000,0x00000053ae400000]
Native frames: (J=compiled Java code, j=interpreted, Vv=VM code, C=native code)
V  [jvm.dll+0x66fa1a]
V  [jvm.dll+0x7ce5a4]
V  [jvm.dll+0x7cfd4e]
V  [jvm.dll+0x7d03b3]
V  [jvm.dll+0x242b05]
V  [jvm.dll+0x66ca39]
V  [jvm.dll+0x661502]
V  [jvm.dll+0x30081b]
V  [jvm.dll+0x307da6]
V  [jvm.dll+0x357a1e]
V  [jvm.dll+0x357c4f]
V  [jvm.dll+0x2d7ad8]
V  [jvm.dll+0x2d8a44]
V  [jvm.dll+0x7a01e1]
V  [jvm.dll+0x365791]
V  [jvm.dll+0x77f6cc]
V  [jvm.dll+0x3e812f]
V  [jvm.dll+0x3e9bd1]
C  [jli.dll+0x527b]
C  [ucrtbase.dll+0x21bb2]
C  [KERNEL32.DLL+0x17034]
C  [ntdll.dll+0x52651]


---------------  P R O C E S S  ---------------

Threads class SMR info:
_java_thread_list=0x00007ff94efe7818, length=0, elements={
}

Java Threads: ( => current thread )

Other Threads:
  0x00000155a05092f0 GCTaskThread "GC Thread#0" [stack: 0x00000053ae400000,0x00000053ae500000] [id=12400]
  0x00000155a0512e50 ConcurrentGCThread "G1 Main Marker" [stack: 0x00000053ae500000,0x00000053ae600000] [id=15444]
  0x00000155a0513f10 ConcurrentGCThread "G1 Conc#0" [stack: 0x00000053ae600000,0x00000053ae700000] [id=18600]

[error occurred during error reporting (printing all threads), id 0xc0000005, EXCEPTION_ACCESS_VIOLATION (0xc0000005) at pc=0x00007ff94e8384b7]

VM state: not at safepoint (not fully initialized)

VM Mutex/Monitor currently owned by a thread:  ([mutex/lock_event])
[0x00000155a04dcfc0] Heap_lock - owner thread: 0x00000155a04ddc90

Heap address: 0x00000000c1800000, size: 1000 MB, Compressed Oops mode: 32-bit

CDS archive(s) mapped at: [0x0000000000000000-0x0000000000000000-0x0000000000000000), size 0, SharedBaseAddress: 0x0000000800000000, ArchiveRelocationMode: 0.
Narrow klass base: 0x0000000000000000, Narrow klass shift: 0, Narrow klass range: 0x0

GC Precious Log:
<Empty>

Heap:
 garbage-first heap   total 0K, used 0K [0x00000000c1800000, 0x0000000100000000)
  region size 1024K, 0 young (0K), 0 survivors (0K)

[error occurred during error reporting (printing heap information), id 0xc0000005, EXCEPTION_ACCESS_VIOLATION (0xc0000005) at pc=0x00007ff94ec18d89]

GC Heap History (0 events):
No events

Deoptimization events (0 events):
No events

Classes unloaded (0 events):
No events

Classes redefined (0 events):
No events

Internal exceptions (0 events):
No events

VM Operations (0 events):
No events

Events (1 events):
Event: 0.011 Loaded shared library C:\Program Files\Java\jdk-17.0.1\bin\java.dll


Dynamic libraries:
0x00007ff776f10000 - 0x00007ff776f20000 	C:\Program Files\Java\jdk-17.0.1\bin\javaw.exe
0x00007ff98cbb0000 - 0x00007ff98cda5000 	C:\WINDOWS\SYSTEM32\ntdll.dll
0x00007ff98c830000 - 0x00007ff98c8ee000 	C:\WINDOWS\System32\KERNEL32.DLL
0x00007ff98a690000 - 0x00007ff98a958000 	C:\WINDOWS\System32\KERNELBASE.dll
0x00007ff98a410000 - 0x00007ff98a510000 	C:\WINDOWS\System32\ucrtbase.dll
0x00007ff985670000 - 0x00007ff985688000 	C:\Program Files\Java\jdk-17.0.1\bin\jli.dll
0x00007ff98b310000 - 0x00007ff98b3bc000 	C:\WINDOWS\System32\ADVAPI32.dll
0x00007ff98b670000 - 0x00007ff98b70e000 	C:\WINDOWS\System32\msvcrt.dll
0x00007ff98b5d0000 - 0x00007ff98b66b000 	C:\WINDOWS\System32\sechost.dll
0x00007ff986d50000 - 0x00007ff986d6a000 	C:\Program Files\Java\jdk-17.0.1\bin\VCRUNTIME140.dll
0x00007ff98ba20000 - 0x00007ff98bb4a000 	C:\WINDOWS\System32\RPCRT4.dll
0x00007ff98b710000 - 0x00007ff98b8b1000 	C:\WINDOWS\System32\USER32.dll
0x00007ff98a660000 - 0x00007ff98a682000 	C:\WINDOWS\System32\win32u.dll
0x00007ff98c8f0000 - 0x00007ff98c91b000 	C:\WINDOWS\System32\GDI32.dll
0x00007ff98a9f0000 - 0x00007ff98aafd000 	C:\WINDOWS\System32\gdi32full.dll
0x00007ff97abb0000 - 0x00007ff97ae4a000 	C:\WINDOWS\WinSxS\amd64_microsoft.windows.common-controls_6595b64144ccf1df_6.0.19041.1110_none_60b5254171f9507e\COMCTL32.dll
0x00007ff98a5c0000 - 0x00007ff98a65d000 	C:\WINDOWS\System32\msvcp_win.dll
0x00007ff97d2e0000 - 0x00007ff97d2ea000 	C:\WINDOWS\SYSTEM32\VERSION.dll
0x00007ff98bb50000 - 0x00007ff98bb80000 	C:\WINDOWS\System32\IMM32.DLL
0x00007ff987bb0000 - 0x00007ff987bbc000 	C:\Program Files\Java\jdk-17.0.1\bin\vcruntime140_1.dll
0x00007ff9838a0000 - 0x00007ff98392d000 	C:\Program Files\Java\jdk-17.0.1\bin\msvcp140.dll
0x00007ff94e550000 - 0x00007ff94f10e000 	C:\Program Files\Java\jdk-17.0.1\bin\server\jvm.dll
0x00007ff98ca30000 - 0x00007ff98ca38000 	C:\WINDOWS\System32\PSAPI.DLL
0x00007ff979f70000 - 0x00007ff979f79000 	C:\WINDOWS\SYSTEM32\WSOCK32.dll
0x00007ff98b280000 - 0x00007ff98b2eb000 	C:\WINDOWS\System32\WS2_32.dll
0x00007ff97c970000 - 0x00007ff97c997000 	C:\WINDOWS\SYSTEM32\WINMM.dll
0x00007ff9882a0000 - 0x00007ff9882b2000 	C:\WINDOWS\SYSTEM32\kernel.appcore.dll
0x00007ff987b90000 - 0x00007ff987b9a000 	C:\Program Files\Java\jdk-17.0.1\bin\jimage.dll
0x00007ff97bbb0000 - 0x00007ff97bd94000 	C:\WINDOWS\SYSTEM32\DBGHELP.DLL
0x00007ff97ae50000 - 0x00007ff97ae7c000 	C:\WINDOWS\SYSTEM32\dbgcore.DLL
0x00007ff98a960000 - 0x00007ff98a9e2000 	C:\WINDOWS\System32\bcryptPrimitives.dll
0x00007ff9852e0000 - 0x00007ff985305000 	C:\Program Files\Java\jdk-17.0.1\bin\java.dll

dbghelp: loaded successfully - version: 4.0.5 - missing functions: none
symbol engine: initialized successfully - sym options: 0x614 - pdb path: .;C:\Program Files\Java\jdk-17.0.1\bin;C:\WINDOWS\SYSTEM32;C:\WINDOWS\WinSxS\amd64_microsoft.windows.common-controls_6595b64144ccf1df_6.0.19041.1110_none_60b5254171f9507e;C:\Program Files\Java\jdk-17.0.1\bin\server

VM Arguments:
jvm_args: -Dfile.encoding=Cp1252 -XX:+ShowCodeDetailsInExceptionMessages 
java_command: Login
java_class_path (initial): C:\Users\HAMZA SOHAIL\eclipse-workspace\HAMZA1\bin;C:\Users\HAMZA SOHAIL\OneDrive\Desktop\mysql-connector-java-5.1.15-bin.jar;C:\Users\HAMZA SOHAIL\Downloads\rs2xml (1).jar
Launcher Type: SUN_STANDARD

[Global flags]
     intx CICompilerCount                          = 3                                         {product} {ergonomic}
     uint ConcGCThreads                            = 1                                         {product} {ergonomic}
     uint G1ConcRefinementThreads                  = 4                                         {product} {ergonomic}
   size_t G1HeapRegionSize                         = 1048576                                   {product} {ergonomic}
    uintx GCDrainStackTargetSize                   = 64                                        {product} {ergonomic}
   size_t InitialHeapSize                          = 67108864                                  {product} {ergonomic}
   size_t MarkStackSize                            = 4194304                                   {product} {ergonomic}
   size_t MaxHeapSize                              = 1048576000                                {product} {ergonomic}
   size_t MinHeapDeltaBytes                        = 1048576                                   {product} {ergonomic}
   size_t MinHeapSize                              = 8388608                                   {product} {ergonomic}
    uintx NonNMethodCodeHeapSize                   = 5832780                                {pd product} {ergonomic}
    uintx NonProfiledCodeHeapSize                  = 122912730                              {pd product} {ergonomic}
    uintx ProfiledCodeHeapSize                     = 122912730                              {pd product} {ergonomic}
    uintx ReservedCodeCacheSize                    = 251658240                              {pd product} {ergonomic}
     bool SegmentedCodeCache                       = true                                      {product} {ergonomic}
     bool ShowCodeDetailsInExceptionMessages       = true                                   {manageable} {command line}
   size_t SoftMaxHeapSize                          = 1048576000                             {manageable} {ergonomic}
     bool UseCompressedClassPointers               = true                           {product lp64_product} {ergonomic}
     bool UseCompressedOops                        = true                           {product lp64_product} {ergonomic}
     bool UseG1GC                                  = true                                      {product} {ergonomic}
     bool UseLargePagesIndividualAllocation        = false                                  {pd product} {ergonomic}

Logging:
Log output configuration:
 #0: stdout all=warning uptime,level,tags
 #1: stderr all=off uptime,level,tags

Environment Variables:
PATH=C:\Program Files\Common Files\Oracle\Java\javapath;C:\WINDOWS\system32;C:\WINDOWS;C:\WINDOWS\System32\Wbem;C:\WINDOWS\System32\WindowsPowerShell\v1.0\;C:\WINDOWS\System32\OpenSSH\;C:\Users\HAMZA SOHAIL\AppData\Local\Microsoft\WindowsApps;
USERNAME=HAMZA SOHAIL
OS=Windows_NT
PROCESSOR_IDENTIFIER=Intel64 Family 6 Model 42 Stepping 7, GenuineIntel



---------------  S Y S T E M  ---------------

OS:
 Windows 10 , 64 bit Build 19041 (10.0.19041.1348)
OS uptime: 5 days 22:42 hours

CPU: total 4 (initial active 4) (2 cores per cpu, 2 threads per core) family 6 model 42 stepping 7 microcode 0x2f, cx8, cmov, fxsr, ht, mmx, sse, sse2, sse3, ssse3, sse4.1, sse4.2, popcnt, tsc, tscinvbit, avx, aes, clmul, vzeroupper, clflush

Memory: 4k page, system-wide physical 3996M (310M free)
TotalPageFile size 16284M (AvailPageFile size 40M)
current process WorkingSet (physical memory assigned to process): 9M, peak: 9M
current process commit charge ("private bytes"): 51M, peak: 115M

vm_info: Java HotSpot(TM) 64-Bit Server VM (17.0.1+12-LTS-39) for windows-amd64 JRE (17.0.1+12-LTS-39), built on Sep 27 2021 18:41:35 by "mach5one" with MS VC++ 16.8 (VS2019)

END.
